<?xml version="1.0" encoding="UTF-8"?>
<testsuites>
  <testsuite name="Project Test Suite" tests="20" assertions="4" failures="3" errors="16" time="42.459248">
    <testsuite name="CarnetApp\BlogBundle\Tests\AdminPathTest" file="C:\wamp\www\mySomfony\src\CarnetApp\BlogBundle\Tests\AdminPathTest.php" tests="5" assertions="0" failures="0" errors="5" time="11.035105">
      <testsuite name="CarnetApp\BlogBundle\Tests\AdminPathTest::testPageIsSuccessful" tests="5" assertions="0" failures="0" errors="5" time="11.035105">
        <testcase name="testPageIsSuccessful with data set #0" assertions="0" time="2.654265">
          <error type="PHPUnit_Framework_ExceptionWrapper">CarnetApp\BlogBundle\Tests\AdminPathTest::testPageIsSuccessful with data set #0 ('admin/carnet/blog/article/')
InvalidArgumentException: The current node list is empty.

C:\wamp\www\mySomfony\vendor\symfony\dom-crawler\Crawler.php:790
C:\wamp\www\mySomfony\src\CarnetApp\BlogBundle\Tests\AdminPathTest.php:25
C:\wamp\www\mySomfony\src\CarnetApp\BlogBundle\Tests\AdminPathTest.php:63
</error>
        </testcase>
        <testcase name="testPageIsSuccessful with data set #1" assertions="0" time="2.133214">
          <error type="PHPUnit_Framework_ExceptionWrapper">CarnetApp\BlogBundle\Tests\AdminPathTest::testPageIsSuccessful with data set #1 ('admin/carnet/blog/article/new')
InvalidArgumentException: The current node list is empty.

C:\wamp\www\mySomfony\vendor\symfony\dom-crawler\Crawler.php:790
C:\wamp\www\mySomfony\src\CarnetApp\BlogBundle\Tests\AdminPathTest.php:25
C:\wamp\www\mySomfony\src\CarnetApp\BlogBundle\Tests\AdminPathTest.php:63
</error>
        </testcase>
        <testcase name="testPageIsSuccessful with data set #2" assertions="0" time="2.113211">
          <error type="PHPUnit_Framework_ExceptionWrapper">CarnetApp\BlogBundle\Tests\AdminPathTest::testPageIsSuccessful with data set #2 ('admin/carnet/blog/category/')
InvalidArgumentException: The current node list is empty.

C:\wamp\www\mySomfony\vendor\symfony\dom-crawler\Crawler.php:790
C:\wamp\www\mySomfony\src\CarnetApp\BlogBundle\Tests\AdminPathTest.php:25
C:\wamp\www\mySomfony\src\CarnetApp\BlogBundle\Tests\AdminPathTest.php:63
</error>
        </testcase>
        <testcase name="testPageIsSuccessful with data set #3" assertions="0" time="2.101211">
          <error type="PHPUnit_Framework_ExceptionWrapper">CarnetApp\BlogBundle\Tests\AdminPathTest::testPageIsSuccessful with data set #3 ('admin/carnet/blog/category/new')
InvalidArgumentException: The current node list is empty.

C:\wamp\www\mySomfony\vendor\symfony\dom-crawler\Crawler.php:790
C:\wamp\www\mySomfony\src\CarnetApp\BlogBundle\Tests\AdminPathTest.php:25
C:\wamp\www\mySomfony\src\CarnetApp\BlogBundle\Tests\AdminPathTest.php:63
</error>
        </testcase>
        <testcase name="testPageIsSuccessful with data set #4" assertions="0" time="2.033203">
          <error type="PHPUnit_Framework_ExceptionWrapper">CarnetApp\BlogBundle\Tests\AdminPathTest::testPageIsSuccessful with data set #4 ('admin/carnet/blog/comment/')
InvalidArgumentException: The current node list is empty.

C:\wamp\www\mySomfony\vendor\symfony\dom-crawler\Crawler.php:790
C:\wamp\www\mySomfony\src\CarnetApp\BlogBundle\Tests\AdminPathTest.php:25
C:\wamp\www\mySomfony\src\CarnetApp\BlogBundle\Tests\AdminPathTest.php:63
</error>
        </testcase>
      </testsuite>
    </testsuite>
    <testsuite name="CarnetApp\BlogBundle\Tests\Controller\BlogArticleReadTest" file="C:\wamp\www\mySomfony\src\CarnetApp\BlogBundle\Tests\Controller\BlogArticleReadTest.php" tests="1" assertions="1" failures="1" errors="0" time="2.050205">
      <testcase name="testCompleteScenario" class="CarnetApp\BlogBundle\Tests\Controller\BlogArticleReadTest" file="C:\wamp\www\mySomfony\src\CarnetApp\BlogBundle\Tests\Controller\BlogArticleReadTest.php" line="16" assertions="1" time="2.050205">
        <failure type="PHPUnit_Framework_ExpectationFailedException">CarnetApp\BlogBundle\Tests\Controller\BlogArticleReadTest::testCompleteScenario
Failed asserting that 500 matches expected 200.

C:\wamp\www\mySomfony\src\CarnetApp\BlogBundle\Tests\Controller\BlogArticleReadTest.php:21
</failure>
      </testcase>
    </testsuite>
    <testsuite name="CarnetApp\BlogBundle\Tests\Controller\BlogCommentWriteTest" file="C:\wamp\www\mySomfony\src\CarnetApp\BlogBundle\Tests\Controller\BlogCommentWriteTest.php" tests="1" assertions="1" failures="1" errors="0" time="2.049205">
      <testcase name="testCompleteScenario" class="CarnetApp\BlogBundle\Tests\Controller\BlogCommentWriteTest" file="C:\wamp\www\mySomfony\src\CarnetApp\BlogBundle\Tests\Controller\BlogCommentWriteTest.php" line="17" assertions="1" time="2.049205">
        <failure type="PHPUnit_Framework_ExpectationFailedException">CarnetApp\BlogBundle\Tests\Controller\BlogCommentWriteTest::testCompleteScenario
Failed asserting that 500 matches expected 200.

C:\wamp\www\mySomfony\src\CarnetApp\BlogBundle\Tests\Controller\BlogCommentWriteTest.php:22
</failure>
      </testcase>
    </testsuite>
    <testsuite name="CarnetApp\CarnetBundle\Tests\AdminPathTest" file="C:\wamp\www\mySomfony\src\CarnetApp\CarnetBundle\Tests\AdminPathTest.php" tests="6" assertions="0" failures="0" errors="6" time="12.514252">
      <testsuite name="CarnetApp\CarnetBundle\Tests\AdminPathTest::testPageIsSuccessful" tests="6" assertions="0" failures="0" errors="6" time="12.514252">
        <testcase name="testPageIsSuccessful with data set #0" assertions="0" time="2.075208">
          <error type="PHPUnit_Framework_ExceptionWrapper">CarnetApp\CarnetBundle\Tests\AdminPathTest::testPageIsSuccessful with data set #0 ('admin/carnet/')
InvalidArgumentException: The current node list is empty.

C:\wamp\www\mySomfony\vendor\symfony\dom-crawler\Crawler.php:790
C:\wamp\www\mySomfony\src\CarnetApp\CarnetBundle\Tests\AdminPathTest.php:25
C:\wamp\www\mySomfony\src\CarnetApp\CarnetBundle\Tests\AdminPathTest.php:63
</error>
        </testcase>
        <testcase name="testPageIsSuccessful with data set #1" assertions="0" time="2.057206">
          <error type="PHPUnit_Framework_ExceptionWrapper">CarnetApp\CarnetBundle\Tests\AdminPathTest::testPageIsSuccessful with data set #1 ('admin/carnet/new')
InvalidArgumentException: The current node list is empty.

C:\wamp\www\mySomfony\vendor\symfony\dom-crawler\Crawler.php:790
C:\wamp\www\mySomfony\src\CarnetApp\CarnetBundle\Tests\AdminPathTest.php:25
C:\wamp\www\mySomfony\src\CarnetApp\CarnetBundle\Tests\AdminPathTest.php:63
</error>
        </testcase>
        <testcase name="testPageIsSuccessful with data set #2" assertions="0" time="2.022202">
          <error type="PHPUnit_Framework_ExceptionWrapper">CarnetApp\CarnetBundle\Tests\AdminPathTest::testPageIsSuccessful with data set #2 ('admin/carnet/lieu/')
InvalidArgumentException: The current node list is empty.

C:\wamp\www\mySomfony\vendor\symfony\dom-crawler\Crawler.php:790
C:\wamp\www\mySomfony\src\CarnetApp\CarnetBundle\Tests\AdminPathTest.php:25
C:\wamp\www\mySomfony\src\CarnetApp\CarnetBundle\Tests\AdminPathTest.php:63
</error>
        </testcase>
        <testcase name="testPageIsSuccessful with data set #3" assertions="0" time="2.105211">
          <error type="PHPUnit_Framework_ExceptionWrapper">CarnetApp\CarnetBundle\Tests\AdminPathTest::testPageIsSuccessful with data set #3 ('admin/carnet/lieu/new')
InvalidArgumentException: The current node list is empty.

C:\wamp\www\mySomfony\vendor\symfony\dom-crawler\Crawler.php:790
C:\wamp\www\mySomfony\src\CarnetApp\CarnetBundle\Tests\AdminPathTest.php:25
C:\wamp\www\mySomfony\src\CarnetApp\CarnetBundle\Tests\AdminPathTest.php:63
</error>
        </testcase>
        <testcase name="testPageIsSuccessful with data set #4" assertions="0" time="2.088209">
          <error type="PHPUnit_Framework_ExceptionWrapper">CarnetApp\CarnetBundle\Tests\AdminPathTest::testPageIsSuccessful with data set #4 ('admin/carnet/page/')
InvalidArgumentException: The current node list is empty.

C:\wamp\www\mySomfony\vendor\symfony\dom-crawler\Crawler.php:790
C:\wamp\www\mySomfony\src\CarnetApp\CarnetBundle\Tests\AdminPathTest.php:25
C:\wamp\www\mySomfony\src\CarnetApp\CarnetBundle\Tests\AdminPathTest.php:63
</error>
        </testcase>
        <testcase name="testPageIsSuccessful with data set #5" assertions="0" time="2.166216">
          <error type="PHPUnit_Framework_ExceptionWrapper">CarnetApp\CarnetBundle\Tests\AdminPathTest::testPageIsSuccessful with data set #5 ('admin/carnet/page/new')
InvalidArgumentException: The current node list is empty.

C:\wamp\www\mySomfony\vendor\symfony\dom-crawler\Crawler.php:790
C:\wamp\www\mySomfony\src\CarnetApp\CarnetBundle\Tests\AdminPathTest.php:25
C:\wamp\www\mySomfony\src\CarnetApp\CarnetBundle\Tests\AdminPathTest.php:63
</error>
        </testcase>
      </testsuite>
    </testsuite>
    <testsuite name="CarnetApp\StaticPageBundle\Tests\Controller\AdminPathTest" file="C:\wamp\www\mySomfony\src\CarnetApp\StaticPageBundle\Tests\Controller\AdminPathTest.php" tests="3" assertions="0" failures="0" errors="3" time="6.373637">
      <testsuite name="CarnetApp\StaticPageBundle\Tests\Controller\AdminPathTest::testPageIsSuccessful" tests="3" assertions="0" failures="0" errors="3" time="6.373637">
        <testcase name="testPageIsSuccessful with data set #0" assertions="0" time="2.162216">
          <error type="PHPUnit_Framework_ExceptionWrapper">CarnetApp\StaticPageBundle\Tests\Controller\AdminPathTest::testPageIsSuccessful with data set #0 ('admin/carnet/staticPage/texte/')
InvalidArgumentException: The current node list is empty.

C:\wamp\www\mySomfony\vendor\symfony\dom-crawler\Crawler.php:790
C:\wamp\www\mySomfony\src\CarnetApp\StaticPageBundle\Tests\Controller\AdminPathTest.php:25
C:\wamp\www\mySomfony\src\CarnetApp\StaticPageBundle\Tests\Controller\AdminPathTest.php:63
</error>
        </testcase>
        <testcase name="testPageIsSuccessful with data set #1" assertions="0" time="2.127213">
          <error type="PHPUnit_Framework_ExceptionWrapper">CarnetApp\StaticPageBundle\Tests\Controller\AdminPathTest::testPageIsSuccessful with data set #1 ('admin/carnet/staticPage/texte/new')
InvalidArgumentException: The current node list is empty.

C:\wamp\www\mySomfony\vendor\symfony\dom-crawler\Crawler.php:790
C:\wamp\www\mySomfony\src\CarnetApp\StaticPageBundle\Tests\Controller\AdminPathTest.php:25
C:\wamp\www\mySomfony\src\CarnetApp\StaticPageBundle\Tests\Controller\AdminPathTest.php:63
</error>
        </testcase>
        <testcase name="testPageIsSuccessful with data set #2" assertions="0" time="2.084208">
          <error type="PHPUnit_Framework_ExceptionWrapper">CarnetApp\StaticPageBundle\Tests\Controller\AdminPathTest::testPageIsSuccessful with data set #2 ('admin/carnet/staticPage/texte/1/edit')
InvalidArgumentException: The current node list is empty.

C:\wamp\www\mySomfony\vendor\symfony\dom-crawler\Crawler.php:790
C:\wamp\www\mySomfony\src\CarnetApp\StaticPageBundle\Tests\Controller\AdminPathTest.php:25
C:\wamp\www\mySomfony\src\CarnetApp\StaticPageBundle\Tests\Controller\AdminPathTest.php:63
</error>
        </testcase>
      </testsuite>
    </testsuite>
    <testsuite name="CarnetApp\StaticPageBundle\Tests\Controller\DefaultControllerTest" file="C:\wamp\www\mySomfony\src\CarnetApp\StaticPageBundle\Tests\Controller\DefaultControllerTest.php" tests="1" assertions="1" failures="0" errors="0" time="2.067206">
      <testcase name="testIndex" class="CarnetApp\StaticPageBundle\Tests\Controller\DefaultControllerTest" file="C:\wamp\www\mySomfony\src\CarnetApp\StaticPageBundle\Tests\Controller\DefaultControllerTest.php" line="9" assertions="1" time="2.067206"/>
    </testsuite>
    <testsuite name="CarnetApp\ToolBundle\Tests\AdminPathTest" file="C:\wamp\www\mySomfony\src\CarnetApp\ToolBundle\Tests\AdminPathTest.php" tests="1" assertions="0" failures="0" errors="1" time="2.146215">
      <testsuite name="CarnetApp\ToolBundle\Tests\AdminPathTest::testPageIsSuccessful" tests="1" assertions="0" failures="0" errors="1" time="2.146215">
        <testcase name="testPageIsSuccessful with data set #0" assertions="0" time="2.146215">
          <error type="PHPUnit_Framework_ExceptionWrapper">CarnetApp\ToolBundle\Tests\AdminPathTest::testPageIsSuccessful with data set #0 ('admin/carnet/tool/option/1/edit')
InvalidArgumentException: The current node list is empty.

C:\wamp\www\mySomfony\vendor\symfony\dom-crawler\Crawler.php:790
C:\wamp\www\mySomfony\src\CarnetApp\ToolBundle\Tests\AdminPathTest.php:25
C:\wamp\www\mySomfony\src\CarnetApp\ToolBundle\Tests\AdminPathTest.php:63
</error>
        </testcase>
      </testsuite>
    </testsuite>
    <testsuite name="CarnetsBundle\Tests\UserControllerTest" file="C:\wamp\www\mySomfony\src\Commun\UserBundle\Tests\UserControllerTest.php" tests="1" assertions="0" failures="0" errors="1" time="2.136214">
      <testcase name="testCompleteScenario" class="CarnetsBundle\Tests\UserControllerTest" file="C:\wamp\www\mySomfony\src\Commun\UserBundle\Tests\UserControllerTest.php" line="55" assertions="0" time="2.136214">
        <error type="PHPUnit_Framework_ExceptionWrapper">CarnetsBundle\Tests\UserControllerTest::testCompleteScenario
InvalidArgumentException: The current node list is empty.

C:\wamp\www\mySomfony\vendor\symfony\dom-crawler\Crawler.php:790
C:\wamp\www\mySomfony\src\Commun\UserBundle\Tests\UserControllerTest.php:25
C:\wamp\www\mySomfony\src\Commun\UserBundle\Tests\UserControllerTest.php:59
</error>
      </testcase>
    </testsuite>
    <testsuite name="Domotique\bundle\ModuleBundle\PostTest" file="C:\wamp\www\mySomfony\src\Domotique\bundle\ModuleBundle\Tests\PostTest.php" tests="1" assertions="1" failures="1" errors="0" time="2.087209">
      <testcase name="testIndex" class="Domotique\bundle\ModuleBundle\PostTest" file="C:\wamp\www\mySomfony\src\Domotique\bundle\ModuleBundle\Tests\PostTest.php" line="17" assertions="1" time="2.087209">
        <failure type="PHPUnit_Framework_ExpectationFailedException">Domotique\bundle\ModuleBundle\PostTest::testIndex
Failed asserting that 500 matches expected 200.

C:\wamp\www\mySomfony\src\Domotique\bundle\ModuleBundle\Tests\PostTest.php:38
</failure>
      </testcase>
    </testsuite>
  </testsuite>
</testsuites>
